0 info it worked if it ends with ok
1 verbose cli [ '/usr/local/bin/node',
1 verbose cli   '/usr/local/bin/npm',
1 verbose cli   'install',
1 verbose cli   '-g',
1 verbose cli   'yo',
1 verbose cli   'generator-phaser' ]
2 info using npm@2.14.12
3 info using node@v4.3.1
4 verbose install initial load of /usr/local/lib/package.json
5 verbose readDependencies loading dependencies from /usr/local/lib/package.json
6 silly cache add args [ 'yo', null ]
7 verbose cache add spec yo
8 silly cache add args [ 'generator-phaser', null ]
9 verbose cache add spec generator-phaser
10 silly cache add parsed spec Result {
10 silly cache add   raw: 'yo',
10 silly cache add   scope: null,
10 silly cache add   name: 'yo',
10 silly cache add   rawSpec: '',
10 silly cache add   spec: 'latest',
10 silly cache add   type: 'tag' }
11 silly addNamed yo@latest
12 verbose addNamed "latest" is being treated as a dist-tag for yo
13 info addNameTag [ 'yo', 'latest' ]
14 silly mapToRegistry name yo
15 silly mapToRegistry using default registry
16 silly mapToRegistry registry https://registry.npmjs.org/
17 silly mapToRegistry uri https://registry.npmjs.org/yo
18 verbose addNameTag registry:https://registry.npmjs.org/yo not in flight; fetching
19 silly cache add parsed spec Result {
19 silly cache add   raw: 'generator-phaser',
19 silly cache add   scope: null,
19 silly cache add   name: 'generator-phaser',
19 silly cache add   rawSpec: '',
19 silly cache add   spec: 'latest',
19 silly cache add   type: 'tag' }
20 silly addNamed generator-phaser@latest
21 verbose addNamed "latest" is being treated as a dist-tag for generator-phaser
22 info addNameTag [ 'generator-phaser', 'latest' ]
23 silly mapToRegistry name generator-phaser
24 silly mapToRegistry using default registry
25 silly mapToRegistry registry https://registry.npmjs.org/
26 silly mapToRegistry uri https://registry.npmjs.org/generator-phaser
27 verbose addNameTag registry:https://registry.npmjs.org/generator-phaser not in flight; fetching
28 verbose request uri https://registry.npmjs.org/yo
29 verbose request no auth needed
30 info attempt registry request try #1 at 9:20:33 PM
31 verbose request id 982678f10f069481
32 http request GET https://registry.npmjs.org/yo
33 verbose request uri https://registry.npmjs.org/generator-phaser
34 verbose request no auth needed
35 info attempt registry request try #1 at 9:20:33 PM
36 http request GET https://registry.npmjs.org/generator-phaser
37 http 200 https://registry.npmjs.org/yo
38 verbose headers { server: 'nginx/1.10.1',
38 verbose headers   'content-type': 'application/json',
38 verbose headers   'last-modified': 'Thu, 02 Nov 2017 14:31:12 GMT',
38 verbose headers   etag: 'W/"59fb2c30-12597"',
38 verbose headers   'content-encoding': 'gzip',
38 verbose headers   'cache-control': 'max-age=300',
38 verbose headers   'content-length': '10513',
38 verbose headers   'accept-ranges': 'bytes',
38 verbose headers   date: 'Tue, 07 Nov 2017 02:20:33 GMT',
38 verbose headers   via: '1.1 varnish',
38 verbose headers   age: '0',
38 verbose headers   connection: 'keep-alive',
38 verbose headers   'x-served-by': 'cache-mdw17333-MDW',
38 verbose headers   'x-cache': 'MISS',
38 verbose headers   'x-cache-hits': '0',
38 verbose headers   'x-timer': 'S1510021234.535203,VS0,VE20',
38 verbose headers   vary: 'Accept-Encoding, Accept' }
39 silly get cb [ 200,
39 silly get   { server: 'nginx/1.10.1',
39 silly get     'content-type': 'application/json',
39 silly get     'last-modified': 'Thu, 02 Nov 2017 14:31:12 GMT',
39 silly get     etag: 'W/"59fb2c30-12597"',
39 silly get     'content-encoding': 'gzip',
39 silly get     'cache-control': 'max-age=300',
39 silly get     'content-length': '10513',
39 silly get     'accept-ranges': 'bytes',
39 silly get     date: 'Tue, 07 Nov 2017 02:20:33 GMT',
39 silly get     via: '1.1 varnish',
39 silly get     age: '0',
39 silly get     connection: 'keep-alive',
39 silly get     'x-served-by': 'cache-mdw17333-MDW',
39 silly get     'x-cache': 'MISS',
39 silly get     'x-cache-hits': '0',
39 silly get     'x-timer': 'S1510021234.535203,VS0,VE20',
39 silly get     vary: 'Accept-Encoding, Accept' } ]
40 verbose get saving yo to /Users/Salvador/.npm/registry.npmjs.org/yo/.cache.json
41 silly addNameTag next cb for yo with tag latest
42 silly addNamed yo@2.0.0
43 verbose addNamed "2.0.0" is a plain semver version for yo
44 silly mapToRegistry name yo
45 silly mapToRegistry using default registry
46 silly mapToRegistry registry https://registry.npmjs.org/
47 silly mapToRegistry uri https://registry.npmjs.org/yo
48 verbose addRemoteTarball https://registry.npmjs.org/yo/-/yo-2.0.0.tgz not in flight; adding
49 verbose addRemoteTarball [ 'https://registry.npmjs.org/yo/-/yo-2.0.0.tgz',
49 verbose addRemoteTarball   '0cd75211379ed87105f99510885759062147b517' ]
50 info retry fetch attempt 1 at 9:20:33 PM
51 info attempt registry request try #1 at 9:20:33 PM
52 http fetch GET https://registry.npmjs.org/yo/-/yo-2.0.0.tgz
53 http 200 https://registry.npmjs.org/generator-phaser
54 verbose headers { server: 'nginx/1.10.1',
54 verbose headers   'content-type': 'application/json',
54 verbose headers   'last-modified': 'Thu, 02 Nov 2017 17:11:34 GMT',
54 verbose headers   etag: 'W/"59fb51c6-143f2"',
54 verbose headers   'content-encoding': 'gzip',
54 verbose headers   'cache-control': 'max-age=300',
54 verbose headers   'content-length': '8085',
54 verbose headers   'accept-ranges': 'bytes',
54 verbose headers   date: 'Tue, 07 Nov 2017 02:20:33 GMT',
54 verbose headers   via: '1.1 varnish',
54 verbose headers   age: '0',
54 verbose headers   connection: 'keep-alive',
54 verbose headers   'x-served-by': 'cache-mdw17347-MDW',
54 verbose headers   'x-cache': 'MISS',
54 verbose headers   'x-cache-hits': '0',
54 verbose headers   'x-timer': 'S1510021234.535373,VS0,VE120',
54 verbose headers   vary: 'Accept-Encoding, Accept' }
55 silly get cb [ 200,
55 silly get   { server: 'nginx/1.10.1',
55 silly get     'content-type': 'application/json',
55 silly get     'last-modified': 'Thu, 02 Nov 2017 17:11:34 GMT',
55 silly get     etag: 'W/"59fb51c6-143f2"',
55 silly get     'content-encoding': 'gzip',
55 silly get     'cache-control': 'max-age=300',
55 silly get     'content-length': '8085',
55 silly get     'accept-ranges': 'bytes',
55 silly get     date: 'Tue, 07 Nov 2017 02:20:33 GMT',
55 silly get     via: '1.1 varnish',
55 silly get     age: '0',
55 silly get     connection: 'keep-alive',
55 silly get     'x-served-by': 'cache-mdw17347-MDW',
55 silly get     'x-cache': 'MISS',
55 silly get     'x-cache-hits': '0',
55 silly get     'x-timer': 'S1510021234.535373,VS0,VE120',
55 silly get     vary: 'Accept-Encoding, Accept' } ]
56 verbose get saving generator-phaser to /Users/Salvador/.npm/registry.npmjs.org/generator-phaser/.cache.json
57 silly addNameTag next cb for generator-phaser with tag latest
58 silly addNamed generator-phaser@1.0.1
59 verbose addNamed "1.0.1" is a plain semver version for generator-phaser
60 silly mapToRegistry name generator-phaser
61 silly mapToRegistry using default registry
62 silly mapToRegistry registry https://registry.npmjs.org/
63 silly mapToRegistry uri https://registry.npmjs.org/generator-phaser
64 verbose addRemoteTarball https://registry.npmjs.org/generator-phaser/-/generator-phaser-1.0.1.tgz not in flight; adding
65 verbose addRemoteTarball [ 'https://registry.npmjs.org/generator-phaser/-/generator-phaser-1.0.1.tgz',
65 verbose addRemoteTarball   '672b4202fa19a144ceb3d2fcda3d2d17fb79b682' ]
66 info retry fetch attempt 1 at 9:20:33 PM
67 info attempt registry request try #1 at 9:20:33 PM
68 http fetch GET https://registry.npmjs.org/generator-phaser/-/generator-phaser-1.0.1.tgz
69 http fetch 200 https://registry.npmjs.org/yo/-/yo-2.0.0.tgz
70 silly fetchAndShaCheck shasum 0cd75211379ed87105f99510885759062147b517
71 verbose addTmpTarball /var/folders/th/fyfy329112v7z2vvkv0gd3m00000gn/T/npm-16424-ad19e45f/registry.npmjs.org/yo/-/yo-2.0.0.tgz not in flight; adding
72 verbose addTmpTarball already have metadata; skipping unpack for yo@2.0.0
73 silly cache afterAdd yo@2.0.0
74 verbose afterAdd /Users/Salvador/.npm/yo/2.0.0/package/package.json not in flight; writing
75 verbose afterAdd /Users/Salvador/.npm/yo/2.0.0/package/package.json written
76 http fetch 200 https://registry.npmjs.org/generator-phaser/-/generator-phaser-1.0.1.tgz
77 silly fetchAndShaCheck shasum 672b4202fa19a144ceb3d2fcda3d2d17fb79b682
78 verbose addTmpTarball /var/folders/th/fyfy329112v7z2vvkv0gd3m00000gn/T/npm-16424-ad19e45f/registry.npmjs.org/generator-phaser/-/generator-phaser-1.0.1.tgz not in flight; adding
79 verbose addTmpTarball already have metadata; skipping unpack for generator-phaser@1.0.1
80 silly cache afterAdd generator-phaser@1.0.1
81 verbose afterAdd /Users/Salvador/.npm/generator-phaser/1.0.1/package/package.json not in flight; writing
82 verbose afterAdd /Users/Salvador/.npm/generator-phaser/1.0.1/package/package.json written
83 silly install resolved [ { name: 'yo',
83 silly install resolved     version: '2.0.0',
83 silly install resolved     description: 'CLI tool for running Yeoman generators',
83 silly install resolved     license: 'BSD-2-Clause',
83 silly install resolved     repository: { type: 'git', url: 'git+https://github.com/yeoman/yo.git' },
83 silly install resolved     homepage: 'http://yeoman.io',
83 silly install resolved     author: { name: 'Yeoman' },
83 silly install resolved     main: 'lib',
83 silly install resolved     bin: { yo: 'lib/cli.js', 'yo-complete': 'lib/completion/index.js' },
83 silly install resolved     engines: { node: '>=4' },
83 silly install resolved     scripts:
83 silly install resolved      { test: 'xo && gulp',
83 silly install resolved        postinstall: 'yodoctor',
83 silly install resolved        postupdate: 'yodoctor',
83 silly install resolved        prepublish: 'gulp prepublish' },
83 silly install resolved     files: [ 'lib' ],
83 silly install resolved     keywords:
83 silly install resolved      [ 'cli-app',
83 silly install resolved        'cli',
83 silly install resolved        'front-end',
83 silly install resolved        'development',
83 silly install resolved        'dev',
83 silly install resolved        'build',
83 silly install resolved        'web',
83 silly install resolved        'tool',
83 silly install resolved        'scaffold',
83 silly install resolved        'stack',
83 silly install resolved        'yeoman',
83 silly install resolved        'generator',
83 silly install resolved        'generate',
83 silly install resolved        'app',
83 silly install resolved        'boilerplate' ],
83 silly install resolved     dependencies:
83 silly install resolved      { async: '^2.1.4',
83 silly install resolved        chalk: '^1.0.0',
83 silly install resolved        'cli-list': '^0.2.0',
83 silly install resolved        configstore: '^3.0.0',
83 silly install resolved        'cross-spawn': '^5.0.1',
83 silly install resolved        figures: '^2.0.0',
83 silly install resolved        fullname: '^3.2.0',
83 silly install resolved        got: '^6.7.1',
83 silly install resolved        'humanize-string': '^1.0.0',
83 silly install resolved        inquirer: '^3.0.1',
83 silly install resolved        insight: '^0.8.4',
83 silly install resolved        lodash: '^4.17.4',
83 silly install resolved        meow: '^3.0.0',
83 silly install resolved        'npm-keyword': '^4.1.0',
83 silly install resolved        opn: '^4.0.2',
83 silly install resolved        'package-json': '^2.1.0',
83 silly install resolved        'parse-help': '^0.1.1',
83 silly install resolved        'read-pkg-up': '^2.0.0',
83 silly install resolved        'root-check': '^1.0.0',
83 silly install resolved        'sort-on': '^2.0.0',
83 silly install resolved        'string-length': '^1.0.0',
83 silly install resolved        tabtab: '^1.3.2',
83 silly install resolved        titleize: '^1.0.0',
83 silly install resolved        'update-notifier': '^2.1.0',
83 silly install resolved        'user-home': '^2.0.0',
83 silly install resolved        'yeoman-character': '^1.0.0',
83 silly install resolved        'yeoman-doctor': '^2.0.0',
83 silly install resolved        'yeoman-environment': '^2.0.0',
83 silly install resolved        yosay: '^2.0.0' },
83 silly install resolved     devDependencies:
83 silly install resolved      { gulp: '^3.6.0',
83 silly install resolved        'gulp-coveralls': '^0.1.0',
83 silly install resolved        'gulp-istanbul': '^1.0.0',
83 silly install resolved        'gulp-mocha': '^3.0.1',
83 silly install resolved        'gulp-nsp': '^2.1.0',
83 silly install resolved        'gulp-plumber': '^1.0.0',
83 silly install resolved        mocha: '^3.2.0',
83 silly install resolved        mockery: '^2.0.0',
83 silly install resolved        nock: '^9.0.5',
83 silly install resolved        nsp: '^2.2.0',
83 silly install resolved        proxyquire: '^1.0.1',
83 silly install resolved        'registry-url': '^3.0.0',
83 silly install resolved        sinon: '^1.12.1',
83 silly install resolved        xo: '^0.18.1' },
83 silly install resolved     tabtab: { yo: [Object] },
83 silly install resolved     xo: { space: true, overrides: [Object] },
83 silly install resolved     gitHead: 'ab779089425b39e695668c9432f735972a9131d8',
83 silly install resolved     bugs: { url: 'https://github.com/yeoman/yo/issues' },
83 silly install resolved     _id: 'yo@2.0.0',
83 silly install resolved     _npmVersion: '5.0.1',
83 silly install resolved     _nodeVersion: '8.0.0',
83 silly install resolved     _npmUser: { name: 'sboudrias', email: 'admin@simonboudrias.com' },
83 silly install resolved     dist:
83 silly install resolved      { integrity: 'sha512-mYZatfOea4/Zua9WrDFlvh0SLLx93NJ2QoaCIIjlHe5l8cSoV+3KRR3nsxDjQx2fqo2gydG9myt9388VCsyu6g==',
83 silly install resolved        shasum: '0cd75211379ed87105f99510885759062147b517',
83 silly install resolved        tarball: 'https://registry.npmjs.org/yo/-/yo-2.0.0.tgz' },
83 silly install resolved     maintainers:
83 silly install resolved      [ [Object],
83 silly install resolved        [Object],
83 silly install resolved        [Object],
83 silly install resolved        [Object],
83 silly install resolved        [Object],
83 silly install resolved        [Object],
83 silly install resolved        [Object],
83 silly install resolved        [Object],
83 silly install resolved        [Object],
83 silly install resolved        [Object] ],
83 silly install resolved     _npmOperationalInternal:
83 silly install resolved      { host: 's3://npm-registry-packages',
83 silly install resolved        tmp: 'tmp/yo-2.0.0.tgz_1496844997715_0.3610898428596556' },
83 silly install resolved     directories: {},
83 silly install resolved     _shasum: '0cd75211379ed87105f99510885759062147b517',
83 silly install resolved     _resolved: 'https://registry.npmjs.org/yo/-/yo-2.0.0.tgz',
83 silly install resolved     _from: 'yo@latest' },
83 silly install resolved   { name: 'generator-phaser',
83 silly install resolved     version: '1.0.1',
83 silly install resolved     description: 'A Yeoman generator to generate HTML5 games with phaser.js',
83 silly install resolved     keywords: [ 'yeoman-generator', 'phaser', 'es2015' ],
83 silly install resolved     homepage: 'https://github.com/julien/generator-phaser',
83 silly install resolved     bugs: { url: 'https://github.com/julien/generator-phaser/issues' },
83 silly install resolved     author:
83 silly install resolved      { name: 'Julien Castelain',
83 silly install resolved        email: 'jcastelain@gmail.com',
83 silly install resolved        url: 'https://github.com/julien' },
83 silly install resolved     repository:
83 silly install resolved      { type: 'git',
83 silly install resolved        url: 'git://github.com/julien/generator-phaser.git' },
83 silly install resolved     scripts: { test: 'mocha' },
83 silly install resolved     dependencies: { chalk: '^2.3.0', 'yeoman-generator': '^2.0.1' },
83 silly install resolved     devDependencies:
83 silly install resolved      { 'fs-extra': '^4.0.2',
83 silly install resolved        mocha: '^4.0.1',
83 silly install resolved        'yeoman-assert': '^3.1.0',
83 silly install resolved        'yeoman-test': '^1.7.0' },
83 silly install resolved     license: 'MIT',
83 silly install resolved     gitHead: 'e231f2e222d7053714202db4b72de2d35bdf5327',
83 silly install resolved     _id: 'generator-phaser@1.0.1',
83 silly install resolved     _npmVersion: '5.5.1',
83 silly install resolved     _nodeVersion: '9.0.0',
83 silly install resolved     _npmUser: { name: 'jcastelain', email: 'jcastelain@gmail.com' },
83 silly install resolved     dist:
83 silly install resolved      { integrity: 'sha512-QhohgQebDzSjyg/x88Hpnoih1Yfi8w/IOf5ZAbnixh6RJseDMBZgpEgrUvbfH9DzmjBUizkKqvBWQy9kID8bXA==',
83 silly install resolved        shasum: '672b4202fa19a144ceb3d2fcda3d2d17fb79b682',
83 silly install resolved        tarball: 'https://registry.npmjs.org/generator-phaser/-/generator-phaser-1.0.1.tgz' },
83 silly install resolved     maintainers: [ [Object] ],
83 silly install resolved     _npmOperationalInternal:
83 silly install resolved      { host: 's3://npm-registry-packages',
83 silly install resolved        tmp: 'tmp/generator-phaser-1.0.1.tgz_1509642693416_0.9898240936454386' },
83 silly install resolved     directories: {},
83 silly install resolved     _shasum: '672b4202fa19a144ceb3d2fcda3d2d17fb79b682',
83 silly install resolved     _resolved: 'https://registry.npmjs.org/generator-phaser/-/generator-phaser-1.0.1.tgz',
83 silly install resolved     _from: 'generator-phaser@latest' } ]
84 info install yo@2.0.0 into /usr/local/lib
85 info install generator-phaser@1.0.1 into /usr/local/lib
86 info installOne yo@2.0.0
87 verbose installOne of yo to /usr/local/lib not in flight; installing
88 info installOne generator-phaser@1.0.1
89 verbose installOne of generator-phaser to /usr/local/lib not in flight; installing
90 verbose lock using /Users/Salvador/.npm/_locks/yo-c80abb7e04f27e35.lock for /usr/local/lib/node_modules/yo
91 verbose lock using /Users/Salvador/.npm/_locks/generator-phaser-3aec5866e7796cba.lock for /usr/local/lib/node_modules/generator-phaser
92 silly install write writing yo 2.0.0 to /usr/local/lib/node_modules/yo
93 silly install write writing generator-phaser 1.0.1 to /usr/local/lib/node_modules/generator-phaser
94 verbose unbuild lib/node_modules/generator-phaser
95 verbose unbuild lib/node_modules/yo
96 silly gentlyRm /usr/local/lib/node_modules/generator-phaser is being purged from base /usr/local
97 verbose gentlyRm don't care about contents; nuking /usr/local/lib/node_modules/generator-phaser
98 silly gentlyRm /usr/local/lib/node_modules/yo is being purged from base /usr/local
99 verbose gentlyRm don't care about contents; nuking /usr/local/lib/node_modules/yo
100 verbose tar unpack /Users/Salvador/.npm/generator-phaser/1.0.1/package.tgz
101 verbose tar unpacking to /usr/local/lib/node_modules/generator-phaser
102 silly gentlyRm /usr/local/lib/node_modules/generator-phaser is being purged
103 verbose gentlyRm don't care about contents; nuking /usr/local/lib/node_modules/generator-phaser
104 verbose tar unpack /Users/Salvador/.npm/yo/2.0.0/package.tgz
105 verbose tar unpacking to /usr/local/lib/node_modules/yo
106 silly gentlyRm /usr/local/lib/node_modules/yo is being purged
107 verbose gentlyRm don't care about contents; nuking /usr/local/lib/node_modules/yo
108 silly gunzTarPerm modes [ '755', '644' ]
109 silly gunzTarPerm modes [ '755', '644' ]
110 error tar.unpack untar error /Users/Salvador/.npm/generator-phaser/1.0.1/package.tgz
111 error tar.unpack untar error /Users/Salvador/.npm/yo/2.0.0/package.tgz
112 verbose unlock done using /Users/Salvador/.npm/_locks/generator-phaser-3aec5866e7796cba.lock for /usr/local/lib/node_modules/generator-phaser
113 verbose unlock done using /Users/Salvador/.npm/_locks/yo-c80abb7e04f27e35.lock for /usr/local/lib/node_modules/yo
114 verbose fstream_path /usr/local/lib/node_modules/generator-phaser
115 verbose fstream_type Directory
116 verbose fstream_class DirWriter
117 verbose stack Error: EACCES: permission denied, mkdir '/usr/local/lib/node_modules/generator-phaser'
117 verbose stack     at Error (native)
118 verbose fstream_stack /usr/local/lib/node_modules/npm/node_modules/fstream/lib/dir-writer.js:35:25
118 verbose fstream_stack /usr/local/lib/node_modules/npm/node_modules/mkdirp/index.js:47:53
118 verbose fstream_stack FSReqWrap.oncomplete (fs.js:82:15)
119 verbose cwd /Users/Salvador/Desktop/barely_trying
120 error Darwin 16.7.0
121 error argv "/usr/local/bin/node" "/usr/local/bin/npm" "install" "-g" "yo" "generator-phaser"
122 error node v4.3.1
123 error npm  v2.14.12
124 error path /usr/local/lib/node_modules/generator-phaser
125 error code EACCES
126 error errno -13
127 error syscall mkdir
128 error Error: EACCES: permission denied, mkdir '/usr/local/lib/node_modules/generator-phaser'
128 error     at Error (native)
128 error  { [Error: EACCES: permission denied, mkdir '/usr/local/lib/node_modules/generator-phaser']
128 error   errno: -13,
128 error   code: 'EACCES',
128 error   syscall: 'mkdir',
128 error   path: '/usr/local/lib/node_modules/generator-phaser',
128 error   fstream_type: 'Directory',
128 error   fstream_path: '/usr/local/lib/node_modules/generator-phaser',
128 error   fstream_class: 'DirWriter',
128 error   fstream_stack:
128 error    [ '/usr/local/lib/node_modules/npm/node_modules/fstream/lib/dir-writer.js:35:25',
128 error      '/usr/local/lib/node_modules/npm/node_modules/mkdirp/index.js:47:53',
128 error      'FSReqWrap.oncomplete (fs.js:82:15)' ] }
129 error Please try running this command again as root/Administrator.
130 verbose exit [ -13, true ]
131 verbose unbuild lib/node_modules/generator-phaser
132 silly gentlyRm /usr/local/lib/node_modules/generator-phaser is being purged from base /usr/local
133 verbose gentlyRm don't care about contents; nuking /usr/local/lib/node_modules/generator-phaser
134 verbose unbuild lib/node_modules/yo
135 silly gentlyRm /usr/local/lib/node_modules/yo is being purged from base /usr/local
136 verbose gentlyRm don't care about contents; nuking /usr/local/lib/node_modules/yo
